<<<<<<< HEAD
2024-11-28 10:14:33 [ERROR]: Cannot read properties of null (reading 'role')
2024-11-28 10:14:38 [ERROR]: Cannot read properties of null (reading 'role')
2024-11-28 10:14:38 [ERROR]: Cannot read properties of null (reading 'role')
2024-11-28 10:14:46 [ERROR]: Cannot read properties of null (reading 'role')
2024-11-28 10:14:46 [ERROR]: Cannot read properties of null (reading 'role')
2024-11-28 10:14:46 [ERROR]: Cannot read properties of null (reading 'role')
2024-11-28 10:14:52 [ERROR]: Cannot read properties of null (reading 'role')
2024-11-28 10:14:52 [ERROR]: Cannot read properties of null (reading 'role')
2024-11-28 10:14:52 [ERROR]: Cannot read properties of null (reading 'role')
2024-11-28 10:14:52 [ERROR]: Cannot read properties of null (reading 'role')
2024-11-28 10:14:58 [ERROR]: Cannot read properties of null (reading 'role')
2024-11-28 10:14:58 [ERROR]: Cannot read properties of null (reading 'role')
2024-11-28 10:14:58 [ERROR]: Cannot read properties of null (reading 'role')
2024-11-28 10:14:58 [ERROR]: Cannot read properties of null (reading 'role')
2024-11-28 10:14:58 [ERROR]: Cannot read properties of null (reading 'role')
2024-11-28 13:46:01 [ERROR]: AdminService.getProducts is not a function
2024-11-28 13:56:25 [ERROR]: AdminService.getProducts is not a function
2024-11-28 13:56:35 [ERROR]: AdminService.getProducts is not a function
2024-11-28 13:56:54 [ERROR]: AdminService.getProducts is not a function
2024-11-28 14:03:30 [ERROR]: AdminService.getProducts is not a function
2024-11-28 14:05:27 [ERROR]: AdminService.getProducts is not a function
2024-11-28 14:05:40 [ERROR]: AdminService.getProducts is not a function
2024-11-28 14:05:48 [ERROR]: AdminService.getProducts is not a function
2024-11-28 14:06:19 [ERROR]: Product is not defined
2024-11-28 14:08:17 [ERROR]: Product is not defined
2024-11-28 14:08:25 [ERROR]: Product is not defined
2024-11-28 14:18:12 [ERROR]: Product is not defined
2024-11-28 14:21:24 [ERROR]: Product is not defined
2024-11-28 14:22:04 [ERROR]: Product is not defined
2024-11-28 14:22:36 [ERROR]: Product is not defined
2024-11-28 14:22:47 [ERROR]: Product is not defined
2024-11-28 14:23:28 [ERROR]: Product is not defined
2024-11-28 14:25:46 [ERROR]: Product is not defined
2024-11-28 14:25:57 [ERROR]: Product is not defined
2024-11-28 14:35:02 [ERROR]: AdminService.getProudcts is not a function
2024-11-28 14:35:08 [ERROR]: AdminService.getProudcts is not a function
2024-11-28 14:35:09 [ERROR]: AdminService.getProudcts is not a function
2024-11-28 14:35:10 [ERROR]: AdminService.getProudcts is not a function
2024-11-28 14:35:11 [ERROR]: AdminService.getProudcts is not a function
2024-11-28 14:35:11 [ERROR]: AdminService.getProudcts is not a function
2024-11-28 14:35:11 [ERROR]: AdminService.getProudcts is not a function
2024-11-28 14:35:13 [ERROR]: AdminService.getProudcts is not a function
2024-11-28 14:35:16 [ERROR]: AdminService.getProudcts is not a function
2024-11-28 14:35:18 [ERROR]: AdminService.getProudcts is not a function
2024-11-28 14:35:18 [ERROR]: AdminService.getProudcts is not a function
2024-11-28 14:35:18 [ERROR]: AdminService.getProudcts is not a function
2024-11-28 14:35:18 [ERROR]: AdminService.getProudcts is not a function
2024-11-28 14:35:18 [ERROR]: AdminService.getProudcts is not a function
2024-11-28 14:35:18 [ERROR]: AdminService.getProudcts is not a function
2024-11-28 14:35:23 [ERROR]: AdminService.getProudcts is not a function
2024-11-28 14:35:51 [ERROR]: AdminService.getProudcts is not a function
2024-11-28 14:37:18 [ERROR]: AdminService.getProudcts is not a function
2024-11-28 14:37:36 [ERROR]: AdminService.getProudcts is not a function
2024-11-29 18:11:31 [ERROR]: File: CartController.js, line: 44, error: error is not defined
2024-11-29 18:12:15 [ERROR]: File: CartController.js, line: 44, error: error is not defined
2024-11-29 18:12:58 [ERROR]: File: CartController.js, line: 44, error: error is not defined
=======
2024-11-29 00:37:00 [ERROR]: File: UserController, line: 178, error: Cast to ObjectId failed for value "inventory" (type string) at path "_id" for model "User"
2024-11-29 00:37:03 [ERROR]: File: UserController, line: 178, error: Cast to ObjectId failed for value "inventory" (type string) at path "_id" for model "User"
2024-11-29 00:37:04 [ERROR]: File: UserController, line: 178, error: Cast to ObjectId failed for value "inventory" (type string) at path "_id" for model "User"
2024-11-29 00:44:56 [ERROR]: File: UserController, line: 178, error: Cast to ObjectId failed for value "products" (type string) at path "_id" for model "User"
2024-11-29 00:45:03 [ERROR]: File: UserController, line: 178, error: Cast to ObjectId failed for value "products" (type string) at path "_id" for model "User"
2024-11-29 00:45:05 [ERROR]: File: UserController, line: 178, error: Cast to ObjectId failed for value "products" (type string) at path "_id" for model "User"
2024-11-29 00:45:13 [ERROR]: File: UserController, line: 178, error: Cast to ObjectId failed for value "products" (type string) at path "_id" for model "User"
2024-11-29 00:45:15 [ERROR]: File: UserController, line: 178, error: Cast to ObjectId failed for value "products" (type string) at path "_id" for model "User"
2024-11-29 00:45:54 [ERROR]: File: UserController, line: 178, error: Cast to ObjectId failed for value "products" (type string) at path "_id" for model "User"
2024-11-29 00:47:30 [ERROR]: File: UserController, line: 178, error: Cast to ObjectId failed for value "inventory" (type string) at path "_id" for model "User"
2024-11-29 14:59:53 [ERROR]: File: InventoryController, line: 36, error: UserService.createProduct is not a function
2024-11-29 14:59:54 [ERROR]: File: InventoryController, line: 36, error: UserService.createProduct is not a function
2024-11-29 14:59:54 [ERROR]: File: InventoryController, line: 36, error: UserService.createProduct is not a function
2024-11-29 14:59:55 [ERROR]: File: InventoryController, line: 36, error: UserService.createProduct is not a function
2024-11-29 15:01:16 [ERROR]: File: InventoryController, line: 36, error: UserService.createProduct is not a function
2024-11-29 15:01:20 [ERROR]: File: InventoryController, line: 36, error: UserService.createProduct is not a function
2024-11-29 15:01:20 [ERROR]: File: InventoryController, line: 36, error: UserService.createProduct is not a function
2024-11-29 15:01:20 [ERROR]: File: InventoryController, line: 36, error: UserService.createProduct is not a function
2024-11-29 15:01:20 [ERROR]: File: InventoryController, line: 36, error: UserService.createProduct is not a function
2024-11-29 15:03:58 [ERROR]: File: InventoryController, line: 36, error: UserService.createProduct is not a function
2024-11-29 15:12:45 [ERROR]: File: InventoryController, line: 36, error: UserService.createProduct is not a function
2024-11-29 15:14:23 [ERROR]: File: InventoryController, line: 36, error: UserService.createProduct is not a function
2024-11-29 15:17:03 [ERROR]: File: InventoryController, line: 36, error: Product validation failed: category: Path `category` is required., transmission: Path `transmission` is required., status: `` is not a valid enum value for path `status`.
2024-11-29 15:18:48 [ERROR]: File: UserController, line: 36, error: Product validation failed: category: Path `category` is required., transmission: Path `transmission` is required., status: `` is not a valid enum value for path `status`.
2024-11-29 15:18:49 [ERROR]: File: UserController, line: 36, error: Product validation failed: category: Path `category` is required., transmission: Path `transmission` is required., status: `` is not a valid enum value for path `status`.
2024-11-29 15:18:49 [ERROR]: File: UserController, line: 36, error: Product validation failed: category: Path `category` is required., transmission: Path `transmission` is required., status: `` is not a valid enum value for path `status`.
2024-11-29 15:18:49 [ERROR]: File: UserController, line: 36, error: Product validation failed: category: Path `category` is required., transmission: Path `transmission` is required., status: `` is not a valid enum value for path `status`.
2024-11-29 15:19:38 [ERROR]: File: UserController, line: 36, error: Product validation failed: category: Path `category` is required., transmission: Path `transmission` is required., status: `` is not a valid enum value for path `status`.
2024-11-29 15:21:10 [ERROR]: File: UserController, line: 36, error: Product validation failed: category: Path `category` is required., transmission: Path `transmission` is required., description: Path `description` is required., horsepower: Path `horsepower` is required., mileage: Path `mileage` is required., price: Path `price` is required., status: `` is not a valid enum value for path `status`.
2024-11-29 15:21:22 [ERROR]: File: UserController, line: 36, error: Product validation failed: category: Path `category` is required., transmission: Path `transmission` is required., status: `` is not a valid enum value for path `status`.
2024-11-29 15:21:54 [ERROR]: File: UserController, line: 36, error: Product validation failed: category: Path `category` is required., transmission: Path `transmission` is required., status: `` is not a valid enum value for path `status`.
2024-11-29 15:35:03 [ERROR]: File: UserController, line: 36, error: Product validation failed: transmission: Path `transmission` is required.
2024-11-29 15:37:14 [ERROR]: File: UserController, line: 36, error: Product validation failed: category: Path `category` is required., transmission: Path `transmission` is required., brand: Path `brand` is required., description: Path `description` is required., horsepower: Path `horsepower` is required., mileage: Path `mileage` is required., model: Path `model` is required., price: Path `price` is required., status: `` is not a valid enum value for path `status`., year: Path `year` is required.
2024-11-29 15:40:03 [ERROR]: File: UserController, line: 36, error: Product validation failed: category: Path `category` is required.
2024-11-29 15:41:12 [ERROR]: File: UserController, line: 36, error: Product validation failed: category: Path `category` is required.
2024-11-29 15:41:12 [ERROR]: File: UserController, line: 36, error: Product validation failed: category: Path `category` is required.
2024-11-29 15:41:12 [ERROR]: File: UserController, line: 36, error: Product validation failed: category: Path `category` is required.
2024-11-29 15:41:12 [ERROR]: File: UserController, line: 36, error: Product validation failed: category: Path `category` is required.
2024-11-29 15:42:08 [ERROR]: File: UserController, line: 36, error: Product validation failed: category: Path `category` is required.
2024-11-29 15:43:17 [ERROR]: File: UserController, line: 36, error: Product validation failed: category: Path `category` is required.
2024-11-29 15:43:22 [ERROR]: File: UserController, line: 36, error: Product validation failed: category: Path `category` is required.
2024-11-29 15:43:37 [ERROR]: File: UserController, line: 36, error: Product validation failed: price: Cast to Number failed for value "NaN" (type string) at path "price", category: Path `category` is required., brand: Path `brand` is required., description: Path `description` is required., model: Path `model` is required.
2024-11-29 15:46:12 [ERROR]: File: UserController, line: 36, error: First argument to `Model` constructor must be an object, **not** a string. Make sure you're calling `mongoose.model()`, not `mongoose.Model()`.
2024-11-29 15:50:46 [ERROR]: File: UserController, line: 36, error: Product validation failed: price: Cast to Number failed for value "NaN" (type string) at path "price", category: Path `category` is required., brand: Path `brand` is required., description: Path `description` is required., model: Path `model` is required.
2024-11-29 15:51:31 [ERROR]: File: UserController, line: 36, error: Product validation failed: category: Path `category` is required.
2024-11-29 20:38:00 [ERROR]: File: cacheMiddleware, line: 23, error: Error: Connection timeout
2024-11-29 20:39:25 [ERROR]: File: cacheMiddleware, line: 23, error: Error: The client is closed
2024-11-29 20:41:07 [ERROR]: File: cacheMiddleware, line: 23, error: Error: The client is closed
2024-11-29 20:48:50 [ERROR]: File: cacheMiddleware, line: 23, error: Error: The client is closed
>>>>>>> 7a0f294b0c7b597c2fbab56a4da570f175f0866c
2024-11-30 18:59:53 [ERROR]: File: CartController.js, line: 44, error: error is not defined
2024-11-30 19:00:23 [ERROR]: File: CartController.js, line: 44, error: error is not defined
2024-11-30 19:01:13 [ERROR]: File: CartController.js, line: 44, error: error is not defined
2024-11-30 19:02:15 [ERROR]: File: CartController.js, line: 44, error: error is not defined
2024-11-30 19:03:08 [ERROR]: File: CartController.js, line: 44, error: error is not defined
2024-11-30 19:04:26 [ERROR]: File: CartController.js, line: 44, error: error is not defined
2024-11-30 19:05:39 [ERROR]: File: CartController.js, line: 44, error: error is not defined
2024-11-30 19:06:07 [ERROR]: File: CartController.js, line: 44, error: error is not defined
2024-11-30 19:06:33 [ERROR]: File: CartController.js, line: 44, error: error is not defined
2024-11-30 19:07:29 [ERROR]: File: CartController.js, line: 44, error: error is not defined
2024-11-30 19:08:46 [ERROR]: File: CartController.js, line: 44, error: error is not defined
2024-11-30 19:10:17 [ERROR]: File: CartController.js, line: 44, error: error is not defined
2024-11-30 21:18:44 [ERROR]: File: CartController.js, line: 44, error: Cannot set headers after they are sent to the client
2024-12-01 01:02:28 [ERROR]: File: CartController.js, line: 44, error: error is not defined
2024-12-01 01:08:12 [ERROR]: File: CartController.js, line: 44, error: error is not defined
2024-12-01 17:05:52 [ERROR]: File: CartController.js, line: 44, error: error is not defined
2024-12-01 17:11:03 [ERROR]: File: CartController.js, line: 77, error: error is not defined
2024-12-01 17:11:57 [ERROR]: File: CartController.js, line: 77, error: error is not defined
2024-12-01 17:17:07 [ERROR]: File: CartController.js, line: 77, error: error is not defined
2024-12-01 17:18:57 [ERROR]: File: CartController.js, line: 77, error: error is not defined
2024-12-01 17:20:20 [ERROR]: File: CartController.js, line: 77, error: error is not defined
2024-12-01 17:22:28 [ERROR]: File: CartController.js, line: 77, error: error is not defined
2024-12-01 17:22:55 [ERROR]: File: CartController.js, line: 77, error: error is not defined
2024-12-01 17:26:49 [ERROR]: File: CartController.js, line: 77, error: error is not defined
2024-12-01 17:29:03 [ERROR]: File: CartController.js, line: 77, error: error is not defined
2024-12-01 17:30:16 [ERROR]: File: CartController.js, line: 77, error: error is not defined
2024-12-01 17:30:54 [ERROR]: File: CartController.js, line: 77, error: error is not defined
2024-12-01 17:33:10 [ERROR]: File: CartController.js, line: 77, error: error is not defined
2024-12-01 17:33:17 [ERROR]: File: CartController.js, line: 77, error: error is not defined
2024-12-01 17:36:23 [ERROR]: File: CartController.js, line: 44, error: error is not defined
2024-12-01 17:36:25 [ERROR]: File: CartController.js, line: 44, error: error is not defined
2024-12-01 17:37:07 [ERROR]: File: CartController.js, line: 44, error: error is not defined
2024-12-01 17:41:37 [ERROR]: File: CartController.js, line: 44, error: error is not defined
2024-12-01 17:41:40 [ERROR]: File: CartController.js, line: 44, error: error is not defined
